[2024-07-22 14:54:51,021][utils.utils][INFO] - Disabling python warnings! <config.ignore_warnings=True>
[2024-07-22 14:54:51,059][train][INFO] - Instantiating datamodule <utils.utils.TorDataModule>
[2024-07-22 14:54:51,060][train][INFO] - Instantiating model <models.score_model.Tor_Model>
[2024-07-22 14:54:51,299][utils.tor_diffuser][INFO] - Computing IGSO3. Saving in .cache/eps_1000_omega_1000_min_sigma_0_1_max_sigma_1_5_schedule_logarithmic
[2024-07-22 14:55:10,563][train][INFO] - Instantiating callback <pytorch_lightning.callbacks.ModelCheckpoint>
[2024-07-22 14:55:10,566][train][INFO] - Instantiating logger <pytorch_lightning.loggers.wandb.WandbLogger>
[2024-07-22 14:55:10,605][train][INFO] - Instantiating trainer <pytorch_lightning.Trainer>
[2024-07-22 14:55:10,657][pytorch_lightning.utilities.rank_zero][INFO] - GPU available: True (mps), used: True
[2024-07-22 14:55:10,657][pytorch_lightning.utilities.rank_zero][INFO] - TPU available: False, using: 0 TPU cores
[2024-07-22 14:55:10,657][pytorch_lightning.utilities.rank_zero][INFO] - HPU available: False, using: 0 HPUs
[2024-07-22 14:55:10,657][train][INFO] - Logging hyperparameters!
[2024-07-22 14:55:10,657][train][INFO] - Starting training!
[2024-07-22 14:55:14,246][pytorch_lightning.callbacks.model_summary][INFO] - 
  | Name | Type    | Params | Mode 
-----------------------------------------
0 | net  | Tor_Net | 8.1 M  | train
-----------------------------------------
8.1 M     Trainable params
16        Non-trainable params
8.1 M     Total params
32.224    Total estimated model params size (MB)
