[2024-07-22 14:29:59,925][utils.utils][INFO] - Disabling python warnings! <config.ignore_warnings=True>
[2024-07-22 14:29:59,990][train][INFO] - Instantiating datamodule <utils.utils.TorDataModule>
[2024-07-22 14:29:59,990][train][INFO] - Instantiating model <models.score_model.Tor_Model>
[2024-07-22 14:30:00,335][train][INFO] - Instantiating callback <pytorch_lightning.callbacks.ModelCheckpoint>
[2024-07-22 14:30:00,338][train][INFO] - Instantiating logger <pytorch_lightning.loggers.wandb.WandbLogger>
[2024-07-22 14:30:00,376][train][INFO] - Instantiating trainer <pytorch_lightning.Trainer>
[2024-07-22 14:30:00,421][pytorch_lightning.utilities.rank_zero][INFO] - GPU available: True (mps), used: True
[2024-07-22 14:30:00,421][pytorch_lightning.utilities.rank_zero][INFO] - TPU available: False, using: 0 TPU cores
[2024-07-22 14:30:00,421][pytorch_lightning.utilities.rank_zero][INFO] - HPU available: False, using: 0 HPUs
[2024-07-22 14:30:00,422][train][INFO] - Logging hyperparameters!
[2024-07-22 14:30:00,422][train][INFO] - Starting training!
[2024-07-22 14:30:04,849][pytorch_lightning.callbacks.model_summary][INFO] - 
  | Name | Type    | Params | Mode 
-----------------------------------------
0 | net  | Tor_Net | 8.1 M  | train
-----------------------------------------
8.1 M     Trainable params
16        Non-trainable params
8.1 M     Total params
32.224    Total estimated model params size (MB)
